<?xml version="1.0" encoding="UTF-8"?>
<!-- Generated by org.testng.reporters.JUnitXMLReporter -->
<testsuite ignored="0" hostname="ip-10-1-32-129.eu-central-1.compute.internal" failures="0" tests="5" name="API Tests" time="7.255" errors="0" timestamp="2025-05-14T14:17:18 GMT+03:00">
  <testcase classname="com.example.api.RestAssuredTest" name="testGetUsers" time="4.533"/>
  <testcase classname="com.example.api.RestAssuredTest" name="testGetSingleUser" time="0.208"/>
  <testcase classname="com.example.api.RestAssuredTest" name="testCreateUser" time="0.604"/>
  <testcase classname="com.example.api.RestAssuredTest" name="testUpdateUser" time="0.479"/>
  <testcase classname="com.example.api.RestAssuredTest" name="testDeleteUser" time="0.446"/>
</testsuite> <!-- API Tests -->
