<?xml version="1.0" encoding="UTF-8"?>
<!-- Generated by org.testng.reporters.JUnitXMLReporter -->
<testsuite ignored="0" hostname="ip-10-1-32-129.eu-central-1.compute.internal" failures="0" tests="4" name="Appium Tests" time="0.208" errors="0" timestamp="2025-05-14T14:17:10 GMT+03:00">
  <testcase classname="com.example.appium.AndroidAppTest" name="@BeforeClass setUp" time="0.146">
    <failure type="java.lang.NoSuchMethodError" message="&amp;apos;void org.openqa.selenium.remote.http.ClientConfig.&amp;lt;init&amp;gt;(java.net.URI, java.time.Duration, java.time.Duration, org.openqa.selenium.remote.http.Filter, java.net.Proxy, org.openqa.selenium.Credentials)&amp;apos;">
      <![CDATA[java.lang.NoSuchMethodError: 'void org.openqa.selenium.remote.http.ClientConfig.<init>(java.net.URI, java.time.Duration, java.time.Duration, org.openqa.selenium.remote.http.Filter, java.net.Proxy, org.openqa.selenium.Credentials)'
at io.appium.java_client.AppiumClientConfig.<init>(AppiumClientConfig.java:62)
at io.appium.java_client.AppiumClientConfig.defaultConfig(AppiumClientConfig.java:79)
at io.appium.java_client.remote.AppiumCommandExecutor.<init>(AppiumCommandExecutor.java:109)
at io.appium.java_client.AppiumDriver.<init>(AppiumDriver.java:92)
at io.appium.java_client.android.AndroidDriver.<init>(AndroidDriver.java:117)
at com.example.appium.AppiumBase.initializeDriver(AppiumBase.java:71)
at com.example.appium.AndroidAppTest.setUp(AndroidAppTest.java:34)
at java.base/java.util.ArrayList.forEach(ArrayList.java:1597)
... Removed 27 stack frames]]>
    </failure>
  </testcase> <!-- @BeforeClass setUp -->
  <testcase classname="com.example.appium.AndroidAppTest" name="@AfterClass tearDown" time="0.0">
    <skipped/>
  </testcase> <!-- @AfterClass tearDown -->
  <testcase classname="com.example.appium.AndroidAppTest" name="testAppLaunch" time="0.0">
    <skipped/>
  </testcase> <!-- testAppLaunch -->
  <testcase classname="com.example.appium.AndroidAppTest" name="testLogin" time="0.0">
    <skipped/>
  </testcase> <!-- testLogin -->
  <testcase classname="com.example.appium.AndroidAppTest" name="testMainMenu" time="0.0">
    <skipped/>
  </testcase> <!-- testMainMenu -->
  <testcase classname="com.example.appium.AndroidAppTest" name="testLogout" time="0.0">
    <skipped/>
  </testcase> <!-- testLogout -->
</testsuite> <!-- Appium Tests -->
