<?xml version="1.0" encoding="UTF-8"?>
<!-- Generated by org.testng.reporters.JUnitXMLReporter -->
<testsuite ignored="0" hostname="ip-10-1-32-129.eu-central-1.compute.internal" failures="0" tests="4" name="Selenium Tests" time="0.03" errors="0" timestamp="2025-05-14T14:17:10 GMT+03:00">
  <testcase classname="com.example.selenium.WebTest" name="testWebsiteLoad" time="0.001">
    <skipped/>
  </testcase> <!-- testWebsiteLoad -->
  <testcase classname="com.example.selenium.WebTest" name="testLogin" time="0.0">
    <skipped/>
  </testcase> <!-- testLogin -->
  <testcase classname="com.example.selenium.WebTest" name="testSearch" time="0.0">
    <skipped/>
  </testcase> <!-- testSearch -->
  <testcase classname="com.example.selenium.WebTest" name="testLogout" time="0.0">
    <skipped/>
  </testcase> <!-- testLogout -->
</testsuite> <!-- Selenium Tests -->
