<?xml version="1.0" encoding="UTF-8"?>
<testsuite xmlns:xsi="http://www.w3.org/2001/XMLSchema-instance" xsi:noNamespaceSchemaLocation="https://maven.apache.org/surefire/maven-surefire-plugin/xsd/surefire-test-report.xsd" name="TestSuite" time="9.508" tests="17" errors="0" skipped="10" failures="2">
  <properties>
[...]
</properties>
  <testcase name="setUp" classname="com.example.appium.AndroidAppTest" time="1.677">
    <failure message="&apos;void org.openqa.selenium.remote.http.ClientConfig.&lt;init&gt;(java.net.URI, java.time.Duration, java.time.Duration, org.openqa.selenium.remote.http.Filter, java.net.Proxy, org.openqa.selenium.Credentials)&apos;" type="java.lang.NoSuchMethodError"><![CDATA[java.lang.NoSuchMethodError: 'void org.openqa.selenium.remote.http.ClientConfig.<init>(java.net.URI, java.time.Duration, java.time.Duration, org.openqa.selenium.remote.http.Filter, java.net.Proxy, org.openqa.selenium.Credentials)'
	at com.example.appium.AndroidAppTest.setUp(AndroidAppTest.java:34)
]]></failure>
    <system-err><![CDATA[[main] INFO com.example.appium.AndroidAppTest - Android uygulama testi başlatılıyor
[main] INFO com.example.appium.AppiumBase - APK dosyası kullanılıyor: /Users/egehankomurcu/Downloads/Logo WMS_1.61.00.00_APKPure.apk
]]></system-err>
  </testcase>
  <testcase name="testAppLaunch" classname="com.example.appium.AndroidAppTest" time="0">
    <skipped message="&apos;void org.openqa.selenium.remote.http.ClientConfig.&lt;init&gt;(java.net.URI, java.time.Duration, java.time.Duration, org.openqa.selenium.remote.http.Filter, java.net.Proxy, org.openqa.selenium.Credentials)&apos;"/>
  </testcase>
  <testcase name="testLogin" classname="com.example.appium.AndroidAppTest" time="0">
    <skipped message="&apos;void org.openqa.selenium.remote.http.ClientConfig.&lt;init&gt;(java.net.URI, java.time.Duration, java.time.Duration, org.openqa.selenium.remote.http.Filter, java.net.Proxy, org.openqa.selenium.Credentials)&apos;"/>
  </testcase>
  <testcase name="testMainMenu" classname="com.example.appium.AndroidAppTest" time="0">
    <skipped message="&apos;void org.openqa.selenium.remote.http.ClientConfig.&lt;init&gt;(java.net.URI, java.time.Duration, java.time.Duration, org.openqa.selenium.remote.http.Filter, java.net.Proxy, org.openqa.selenium.Credentials)&apos;"/>
  </testcase>
  <testcase name="testLogout" classname="com.example.appium.AndroidAppTest" time="0">
    <skipped message="&apos;void org.openqa.selenium.remote.http.ClientConfig.&lt;init&gt;(java.net.URI, java.time.Duration, java.time.Duration, org.openqa.selenium.remote.http.Filter, java.net.Proxy, org.openqa.selenium.Credentials)&apos;"/>
  </testcase>
  <testcase name="tearDown" classname="com.example.appium.AndroidAppTest" time="0">
    <skipped/>
  </testcase>
  <testcase name="setUp" classname="com.example.selenium.WebTest" time="0.277">
    <failure message="org/openqa/selenium/mobile/NetworkConnection" type="java.lang.NoClassDefFoundError">java.lang.NoClassDefFoundError: org/openqa/selenium/mobile/NetworkConnection
	at com.example.selenium.WebTest.setUp(WebTest.java:29)
Caused by: java.lang.ClassNotFoundException: org.openqa.selenium.mobile.NetworkConnection
	at com.example.selenium.WebTest.setUp(WebTest.java:29)
</failure>
    <system-err><![CDATA[[main] INFO com.example.selenium.WebTest - Web testi başlatılıyor
]]></system-err>
  </testcase>
  <testcase name="testWebsiteLoad" classname="com.example.selenium.WebTest" time="0">
    <skipped message="org/openqa/selenium/mobile/NetworkConnection"/>
  </testcase>
  <testcase name="testLogin" classname="com.example.selenium.WebTest" time="0">
    <skipped message="org/openqa/selenium/mobile/NetworkConnection"/>
  </testcase>
  <testcase name="testSearch" classname="com.example.selenium.WebTest" time="0">
    <skipped message="org/openqa/selenium/mobile/NetworkConnection"/>
  </testcase>
  <testcase name="testLogout" classname="com.example.selenium.WebTest" time="0">
    <skipped message="org/openqa/selenium/mobile/NetworkConnection"/>
  </testcase>
  <testcase name="tearDown" classname="com.example.selenium.WebTest" time="0">
    <skipped/>
  </testcase>
  <testcase name="testGetUsers" classname="com.example.api.RestAssuredTest" time="4.549"/>
  <testcase name="testGetSingleUser" classname="com.example.api.RestAssuredTest" time="0.21"/>
  <testcase name="testCreateUser" classname="com.example.api.RestAssuredTest" time="0.605"/>
  <testcase name="testUpdateUser" classname="com.example.api.RestAssuredTest" time="0.479"/>
  <testcase name="testDeleteUser" classname="com.example.api.RestAssuredTest" time="0.448"/>
</testsuite>